<?xml version="1.0" encoding="UTF-8"?>
<!-- Generated by org.testng.reporters.JUnitReportReporter -->
<testsuite skipped="0" hostname="Elnuras-MacBook-Air.local" name="elnurainc.ValidateNavigation" tests="1" failures="0" timestamp="2019-09-12T17:48:09 CDT" time="0.206" errors="0">
  <testcase name="basePageNavigation" time="0.206" classname="elnurainc.ValidateNavigation"/>
</testsuite> <!-- elnurainc.ValidateNavigation -->
