<?xml version="1.0" encoding="UTF-8"?>
<!-- Generated by org.testng.reporters.JUnitReportReporter -->
<testsuite skipped="0" hostname="Elnuras-MacBook-Air.local" name="cucumberOptions.TestRunner" tests="1" failures="0" timestamp="2019-09-17T17:29:40 CDT" time="41.444" errors="0">
  <testcase name="feature" time="41.444" classname="cucumberOptions.TestRunner"/>
</testsuite> <!-- cucumberOptions.TestRunner -->
