<?xml version="1.0" encoding="UTF-8"?>
<!-- Generated by org.testng.reporters.JUnitReportReporter -->
<testsuite skipped="0" hostname="Elnuras-MacBook-Air.local" name="cucumberOptions.TestRunner_Nav" tests="2" failures="0" timestamp="2019-09-17T16:26:10 CDT" time="0.009" errors="0">
  <testcase name="feature" time="0.007" classname="cucumberOptions.TestRunner_Nav"/>
  <testcase name="feature" time="0.002" classname="cucumberOptions.TestRunner_Nav"/>
</testsuite> <!-- cucumberOptions.TestRunner_Nav -->
